<?xml version="1.0" encoding="UTF-8"?>
<testsuite name="com.mindex.challenge.service.impl.CompensationServiceImplTest" tests="4" skipped="0" failures="0" errors="0" timestamp="2025-02-25T00:54:56" hostname="LAPTOP-NCH72P9J" time="0.457">
  <properties/>
  <testcase name="testReadByEmployee" classname="com.mindex.challenge.service.impl.CompensationServiceImplTest" time="0.421"/>
  <testcase name="testCreateCompensation" classname="com.mindex.challenge.service.impl.CompensationServiceImplTest" time="0.019"/>
  <testcase name="testCreateCompensationDuplicate" classname="com.mindex.challenge.service.impl.CompensationServiceImplTest" time="0.01"/>
  <testcase name="testReadByEmployeeCompensationNotFound" classname="com.mindex.challenge.service.impl.CompensationServiceImplTest" time="0.005"/>
  <system-out><![CDATA[2025-02-24T19:54:57.033-05:00 DEBUG 8916 --- [    Test worker] c.m.c.s.impl.CompensationServiceImpl     : Reading all compensations for employee with id [a]
2025-02-24T19:54:57.047-05:00 DEBUG 8916 --- [    Test worker] c.m.c.s.impl.CompensationServiceImpl     : Creating compensation [com.mindex.challenge.data.Compensation@3ccc4ca0]
2025-02-24T19:54:57.068-05:00 DEBUG 8916 --- [    Test worker] c.m.c.s.impl.CompensationServiceImpl     : Creating compensation [com.mindex.challenge.data.Compensation@4505015b]
2025-02-24T19:54:57.073-05:00 DEBUG 8916 --- [    Test worker] c.m.c.s.impl.CompensationServiceImpl     : Reading all compensations for employee with id [a]
]]></system-out>
  <system-err><![CDATA[]]></system-err>
</testsuite>
