<?xml version="1.0" encoding="UTF-8"?>
<testsuite name="com.mindex.challenge.service.impl.CompensationServiceImplIntegrationTest" tests="3" skipped="0" failures="0" errors="0" timestamp="2025-02-25T00:54:56" hostname="LAPTOP-NCH72P9J" time="0.187">
  <properties/>
  <testcase name="testReadByEmployeeIntegration" classname="com.mindex.challenge.service.impl.CompensationServiceImplIntegrationTest" time="0.138"/>
  <testcase name="testCreateCompensationIntegration" classname="com.mindex.challenge.service.impl.CompensationServiceImplIntegrationTest" time="0.029"/>
  <testcase name="testReadByEmployeeCompensationNotFoundIntegration" classname="com.mindex.challenge.service.impl.CompensationServiceImplIntegrationTest" time="0.017"/>
  <system-out><![CDATA[2025-02-24T19:54:56.407-05:00  INFO 8916 --- [    Test worker] t.c.s.AnnotationConfigContextLoaderUtils : Could not detect default configuration classes for test class [com.mindex.challenge.service.impl.CompensationServiceImplIntegrationTest]: CompensationServiceImplIntegrationTest does not declare any static, non-private, non-final, nested classes annotated with @Configuration.
2025-02-24T19:54:56.409-05:00  INFO 8916 --- [    Test worker] .b.t.c.SpringBootTestContextBootstrapper : Found @SpringBootConfiguration com.mindex.challenge.ChallengeApplication for test class com.mindex.challenge.service.impl.CompensationServiceImplIntegrationTest
2025-02-24T19:54:56.454-05:00 DEBUG 8916 --- [o-auto-1-exec-6] c.m.c.controller.CompensationController  : Received compensation create request for [com.mindex.challenge.data.Compensation@202df07e]
2025-02-24T19:54:56.455-05:00 DEBUG 8916 --- [o-auto-1-exec-6] c.m.c.s.impl.CompensationServiceImpl     : Creating compensation [com.mindex.challenge.data.Compensation@202df07e]
2025-02-24T19:54:56.471-05:00  INFO 8916 --- [-server-worker3] d.b.mongo.backend.AbstractMongoDatabase  : adding unique _id index for collection compensation
2025-02-24T19:54:56.474-05:00  INFO 8916 --- [-server-worker3] d.b.mongo.backend.AbstractMongoDatabase  : created collection test.compensation
2025-02-24T19:54:56.489-05:00 DEBUG 8916 --- [o-auto-1-exec-7] c.m.c.controller.CompensationController  : Received compensation create request for [com.mindex.challenge.data.Compensation@6f67983]
2025-02-24T19:54:56.489-05:00 DEBUG 8916 --- [o-auto-1-exec-7] c.m.c.s.impl.CompensationServiceImpl     : Creating compensation [com.mindex.challenge.data.Compensation@6f67983]
2025-02-24T19:54:56.505-05:00 DEBUG 8916 --- [o-auto-1-exec-8] c.m.c.controller.CompensationController  : Received compensation create request for [com.mindex.challenge.data.Compensation@35dd6015]
2025-02-24T19:54:56.505-05:00 DEBUG 8916 --- [o-auto-1-exec-8] c.m.c.s.impl.CompensationServiceImpl     : Creating compensation [com.mindex.challenge.data.Compensation@35dd6015]
2025-02-24T19:54:56.522-05:00 DEBUG 8916 --- [o-auto-1-exec-9] c.m.c.controller.CompensationController  : Received compensations get request for employee [a]
2025-02-24T19:54:56.522-05:00 DEBUG 8916 --- [o-auto-1-exec-9] c.m.c.s.impl.CompensationServiceImpl     : Reading all compensations for employee with id [a]
2025-02-24T19:54:56.540-05:00 DEBUG 8916 --- [-auto-1-exec-10] c.m.c.controller.CompensationController  : Received compensations get request for employee [b]
2025-02-24T19:54:56.540-05:00 DEBUG 8916 --- [-auto-1-exec-10] c.m.c.s.impl.CompensationServiceImpl     : Reading all compensations for employee with id [b]
2025-02-24T19:54:56.568-05:00 DEBUG 8916 --- [o-auto-1-exec-2] c.m.c.controller.CompensationController  : Received compensation create request for [com.mindex.challenge.data.Compensation@4f2587a5]
2025-02-24T19:54:56.568-05:00 DEBUG 8916 --- [o-auto-1-exec-2] c.m.c.s.impl.CompensationServiceImpl     : Creating compensation [com.mindex.challenge.data.Compensation@4f2587a5]
2025-02-24T19:54:56.592-05:00 DEBUG 8916 --- [o-auto-1-exec-1] c.m.c.controller.CompensationController  : Received compensations get request for employee [a]
2025-02-24T19:54:56.592-05:00 DEBUG 8916 --- [o-auto-1-exec-1] c.m.c.s.impl.CompensationServiceImpl     : Reading all compensations for employee with id [a]
]]></system-out>
  <system-err><![CDATA[]]></system-err>
</testsuite>
