<?xml version="1.0" encoding="UTF-8"?>
<testsuite name="com.mindex.challenge.service.impl.EmployeeServiceImplTest" tests="5" skipped="0" failures="0" errors="0" timestamp="2025-02-25T04:18:11" hostname="LAPTOP-NCH72P9J" time="0.023">
  <properties/>
  <testcase name="testReadEmployee" classname="com.mindex.challenge.service.impl.EmployeeServiceImplTest" time="0.003"/>
  <testcase name="testUpdateEmployee" classname="com.mindex.challenge.service.impl.EmployeeServiceImplTest" time="0.005"/>
  <testcase name="testCreateEmployee" classname="com.mindex.challenge.service.impl.EmployeeServiceImplTest" time="0.005"/>
  <testcase name="testReadByEmployeeNotFound" classname="com.mindex.challenge.service.impl.EmployeeServiceImplTest" time="0.005"/>
  <testcase name="testCreateEmployeeDuplicate" classname="com.mindex.challenge.service.impl.EmployeeServiceImplTest" time="0.004"/>
  <system-out><![CDATA[2025-02-24T23:18:11.044-05:00 DEBUG 15900 --- [    Test worker] c.m.c.service.impl.EmployeeServiceImpl   : Reading employee with id [null]
2025-02-24T23:18:11.048-05:00 DEBUG 15900 --- [    Test worker] c.m.c.service.impl.EmployeeServiceImpl   : Updating employee [com.mindex.challenge.data.Employee@2389f546]
2025-02-24T23:18:11.053-05:00 DEBUG 15900 --- [    Test worker] c.m.c.service.impl.EmployeeServiceImpl   : Creating employee [com.mindex.challenge.data.Employee@35a2ea5a]
2025-02-24T23:18:11.058-05:00 DEBUG 15900 --- [    Test worker] c.m.c.service.impl.EmployeeServiceImpl   : Reading employee with id [a]
2025-02-24T23:18:11.062-05:00 DEBUG 15900 --- [    Test worker] c.m.c.service.impl.EmployeeServiceImpl   : Creating employee [com.mindex.challenge.data.Employee@2566247d]
]]></system-out>
  <system-err><![CDATA[]]></system-err>
</testsuite>
