<?xml version="1.0" encoding="UTF-8"?>
<testsuite name="com.mindex.challenge.service.impl.EmployeeServiceImplIntegrationTest" tests="1" skipped="0" failures="0" errors="0" timestamp="2025-02-25T00:14:25" hostname="LAPTOP-NCH72P9J" time="0.078">
  <properties/>
  <testcase name="testCreateReadUpdate" classname="com.mindex.challenge.service.impl.EmployeeServiceImplIntegrationTest" time="0.078"/>
  <system-out><![CDATA[2025-02-24T19:14:25.123-05:00  INFO 8872 --- [    Test worker] t.c.s.AnnotationConfigContextLoaderUtils : Could not detect default configuration classes for test class [com.mindex.challenge.service.impl.EmployeeServiceImplIntegrationTest]: EmployeeServiceImplIntegrationTest does not declare any static, non-private, non-final, nested classes annotated with @Configuration.
2025-02-24T19:14:25.129-05:00  INFO 8872 --- [    Test worker] .b.t.c.SpringBootTestContextBootstrapper : Found @SpringBootConfiguration com.mindex.challenge.ChallengeApplication for test class com.mindex.challenge.service.impl.EmployeeServiceImplIntegrationTest
2025-02-24T19:14:25.147-05:00 DEBUG 8872 --- [o-auto-1-exec-3] c.m.c.controller.EmployeeController      : Received employee create request for [com.mindex.challenge.data.Employee@5402cbd6]
2025-02-24T19:14:25.147-05:00 DEBUG 8872 --- [o-auto-1-exec-3] c.m.c.service.impl.EmployeeServiceImpl   : Creating employee [com.mindex.challenge.data.Employee@5402cbd6]
2025-02-24T19:14:25.162-05:00 DEBUG 8872 --- [o-auto-1-exec-4] c.m.c.controller.EmployeeController      : Received employee read request for id [b34fa918-ff45-469a-ba41-b7d0e689013c]
2025-02-24T19:14:25.162-05:00 DEBUG 8872 --- [o-auto-1-exec-4] c.m.c.service.impl.EmployeeServiceImpl   : Reading employee with id [b34fa918-ff45-469a-ba41-b7d0e689013c]
2025-02-24T19:14:25.201-05:00 DEBUG 8872 --- [o-auto-1-exec-5] c.m.c.controller.EmployeeController      : Received employee update request for id [b34fa918-ff45-469a-ba41-b7d0e689013c] and employee [com.mindex.challenge.data.Employee@18dbf94a]
2025-02-24T19:14:25.202-05:00 DEBUG 8872 --- [o-auto-1-exec-5] c.m.c.service.impl.EmployeeServiceImpl   : Updating employee [com.mindex.challenge.data.Employee@18dbf94a]
]]></system-out>
  <system-err><![CDATA[]]></system-err>
</testsuite>
